<?xml version="1.0" encoding="UTF-8"?>
<testsuite xmlns:xsi="http://www.w3.org/2001/XMLSchema-instance" xsi:noNamespaceSchemaLocation="https://maven.apache.org/surefire/maven-surefire-plugin/xsd/surefire-test-report-3.0.xsd" version="3.0" name="system_tests.LogoutSystemTests" time="0.119" tests="2" errors="0" skipped="0" failures="0">
  <properties>
    <property name="java.specification.version" value="19"/>
    <property name="sun.cpu.isalist" value="amd64"/>
    <property name="sun.jnu.encoding" value="Cp1252"/>
    <property name="java.class.path" value="C:\Users\luket\Desktop\inf2sepp-2025\inf2sepp-2024-cw3-08-04-2024 (1)\inf2sepp-2024-cw\target\test-classes;C:\Users\luket\Desktop\inf2sepp-2025\inf2sepp-2024-cw3-08-04-2024 (1)\inf2sepp-2024-cw\target\classes;C:\Users\luket\.m2\repository\org\apache\lucene\lucene-core\9.9.0\lucene-core-9.9.0.jar;C:\Users\luket\.m2\repository\org\apache\lucene\lucene-queryparser\9.9.0\lucene-queryparser-9.9.0.jar;C:\Users\luket\.m2\repository\org\apache\lucene\lucene-queries\9.9.0\lucene-queries-9.9.0.jar;C:\Users\luket\.m2\repository\org\apache\lucene\lucene-sandbox\9.9.0\lucene-sandbox-9.9.0.jar;C:\Users\luket\.m2\repository\org\apache\lucene\lucene-analysis-common\9.9.0\lucene-analysis-common-9.9.0.jar;C:\Users\luket\.m2\repository\org\apache\lucene\lucene-demo\9.9.0\lucene-demo-9.9.0.jar;C:\Users\luket\.m2\repository\org\apache\lucene\lucene-facet\9.9.0\lucene-facet-9.9.0.jar;C:\Users\luket\.m2\repository\com\carrotsearch\hppc\0.9.1\hppc-0.9.1.jar;C:\Users\luket\.m2\repository\org\apache\lucene\lucene-expressions\9.9.0\lucene-expressions-9.9.0.jar;C:\Users\luket\.m2\repository\org\apache\lucene\lucene-codecs\9.9.0\lucene-codecs-9.9.0.jar;C:\Users\luket\.m2\repository\org\antlr\antlr4-runtime\4.11.1\antlr4-runtime-4.11.1.jar;C:\Users\luket\.m2\repository\org\ow2\asm\asm\7.2\asm-7.2.jar;C:\Users\luket\.m2\repository\org\ow2\asm\asm-commons\7.2\asm-commons-7.2.jar;C:\Users\luket\.m2\repository\org\ow2\asm\asm-tree\7.2\asm-tree-7.2.jar;C:\Users\luket\.m2\repository\org\ow2\asm\asm-analysis\7.2\asm-analysis-7.2.jar;C:\Users\luket\.m2\repository\org\apache\lucene\lucene-highlighter\9.9.0\lucene-highlighter-9.9.0.jar;C:\Users\luket\.m2\repository\org\apache\lucene\lucene-memory\9.9.0\lucene-memory-9.9.0.jar;C:\Users\luket\.m2\repository\org\junit\jupiter\junit-jupiter\5.10.1\junit-jupiter-5.10.1.jar;C:\Users\luket\.m2\repository\org\junit\jupiter\junit-jupiter-api\5.10.1\junit-jupiter-api-5.10.1.jar;C:\Users\luket\.m2\repository\org\opentest4j\opentest4j\1.3.0\opentest4j-1.3.0.jar;C:\Users\luket\.m2\repository\org\junit\platform\junit-platform-commons\1.10.1\junit-platform-commons-1.10.1.jar;C:\Users\luket\.m2\repository\org\apiguardian\apiguardian-api\1.1.2\apiguardian-api-1.1.2.jar;C:\Users\luket\.m2\repository\org\junit\jupiter\junit-jupiter-params\5.10.1\junit-jupiter-params-5.10.1.jar;C:\Users\luket\.m2\repository\org\junit\jupiter\junit-jupiter-engine\5.10.1\junit-jupiter-engine-5.10.1.jar;C:\Users\luket\.m2\repository\org\junit\platform\junit-platform-engine\1.10.1\junit-platform-engine-1.10.1.jar;C:\Users\luket\.m2\repository\com\googlecode\json-simple\json-simple\1.1.1\json-simple-1.1.1.jar;C:\Users\luket\.m2\repository\junit\junit\4.10\junit-4.10.jar;C:\Users\luket\.m2\repository\org\hamcrest\hamcrest-core\1.1\hamcrest-core-1.1.jar;"/>
    <property name="java.vm.vendor" value="Oracle Corporation"/>
    <property name="sun.arch.data.model" value="64"/>
    <property name="user.variant" value=""/>
    <property name="java.vendor.url" value="https://java.oracle.com/"/>
    <property name="user.timezone" value="Europe/London"/>
    <property name="os.name" value="Windows 11"/>
    <property name="java.vm.specification.version" value="19"/>
    <property name="user.country" value="GB"/>
    <property name="sun.java.launcher" value="SUN_STANDARD"/>
    <property name="sun.boot.library.path" value="C:\Program Files\Java\jdk-19\bin"/>
    <property name="sun.java.command" value="C:\Users\luket\AppData\Local\Temp\surefire16370813410056229645\surefirebooter-20250309195319718_3.jar C:\Users\luket\AppData\Local\Temp\surefire16370813410056229645 2025-03-09T19-53-19_547-jvmRun1 surefire-20250309195319718_1tmp surefire_0-20250309195319718_2tmp"/>
    <property name="jdk.debug" value="release"/>
    <property name="test" value="system_tests.LogoutSystemTests"/>
    <property name="surefire.test.class.path" value="C:\Users\luket\Desktop\inf2sepp-2025\inf2sepp-2024-cw3-08-04-2024 (1)\inf2sepp-2024-cw\target\test-classes;C:\Users\luket\Desktop\inf2sepp-2025\inf2sepp-2024-cw3-08-04-2024 (1)\inf2sepp-2024-cw\target\classes;C:\Users\luket\.m2\repository\org\apache\lucene\lucene-core\9.9.0\lucene-core-9.9.0.jar;C:\Users\luket\.m2\repository\org\apache\lucene\lucene-queryparser\9.9.0\lucene-queryparser-9.9.0.jar;C:\Users\luket\.m2\repository\org\apache\lucene\lucene-queries\9.9.0\lucene-queries-9.9.0.jar;C:\Users\luket\.m2\repository\org\apache\lucene\lucene-sandbox\9.9.0\lucene-sandbox-9.9.0.jar;C:\Users\luket\.m2\repository\org\apache\lucene\lucene-analysis-common\9.9.0\lucene-analysis-common-9.9.0.jar;C:\Users\luket\.m2\repository\org\apache\lucene\lucene-demo\9.9.0\lucene-demo-9.9.0.jar;C:\Users\luket\.m2\repository\org\apache\lucene\lucene-facet\9.9.0\lucene-facet-9.9.0.jar;C:\Users\luket\.m2\repository\com\carrotsearch\hppc\0.9.1\hppc-0.9.1.jar;C:\Users\luket\.m2\repository\org\apache\lucene\lucene-expressions\9.9.0\lucene-expressions-9.9.0.jar;C:\Users\luket\.m2\repository\org\apache\lucene\lucene-codecs\9.9.0\lucene-codecs-9.9.0.jar;C:\Users\luket\.m2\repository\org\antlr\antlr4-runtime\4.11.1\antlr4-runtime-4.11.1.jar;C:\Users\luket\.m2\repository\org\ow2\asm\asm\7.2\asm-7.2.jar;C:\Users\luket\.m2\repository\org\ow2\asm\asm-commons\7.2\asm-commons-7.2.jar;C:\Users\luket\.m2\repository\org\ow2\asm\asm-tree\7.2\asm-tree-7.2.jar;C:\Users\luket\.m2\repository\org\ow2\asm\asm-analysis\7.2\asm-analysis-7.2.jar;C:\Users\luket\.m2\repository\org\apache\lucene\lucene-highlighter\9.9.0\lucene-highlighter-9.9.0.jar;C:\Users\luket\.m2\repository\org\apache\lucene\lucene-memory\9.9.0\lucene-memory-9.9.0.jar;C:\Users\luket\.m2\repository\org\junit\jupiter\junit-jupiter\5.10.1\junit-jupiter-5.10.1.jar;C:\Users\luket\.m2\repository\org\junit\jupiter\junit-jupiter-api\5.10.1\junit-jupiter-api-5.10.1.jar;C:\Users\luket\.m2\repository\org\opentest4j\opentest4j\1.3.0\opentest4j-1.3.0.jar;C:\Users\luket\.m2\repository\org\junit\platform\junit-platform-commons\1.10.1\junit-platform-commons-1.10.1.jar;C:\Users\luket\.m2\repository\org\apiguardian\apiguardian-api\1.1.2\apiguardian-api-1.1.2.jar;C:\Users\luket\.m2\repository\org\junit\jupiter\junit-jupiter-params\5.10.1\junit-jupiter-params-5.10.1.jar;C:\Users\luket\.m2\repository\org\junit\jupiter\junit-jupiter-engine\5.10.1\junit-jupiter-engine-5.10.1.jar;C:\Users\luket\.m2\repository\org\junit\platform\junit-platform-engine\1.10.1\junit-platform-engine-1.10.1.jar;C:\Users\luket\.m2\repository\com\googlecode\json-simple\json-simple\1.1.1\json-simple-1.1.1.jar;C:\Users\luket\.m2\repository\junit\junit\4.10\junit-4.10.jar;C:\Users\luket\.m2\repository\org\hamcrest\hamcrest-core\1.1\hamcrest-core-1.1.jar;"/>
    <property name="sun.cpu.endian" value="little"/>
    <property name="user.home" value="C:\Users\luket"/>
    <property name="user.language" value="en"/>
    <property name="java.specification.vendor" value="Oracle Corporation"/>
    <property name="java.version.date" value="2022-10-18"/>
    <property name="java.home" value="C:\Program Files\Java\jdk-19"/>
    <property name="file.separator" value="\"/>
    <property name="basedir" value="C:\Users\luket\Desktop\inf2sepp-2025\inf2sepp-2024-cw3-08-04-2024 (1)\inf2sepp-2024-cw"/>
    <property name="java.vm.compressedOopsMode" value="32-bit"/>
    <property name="line.separator" value="&#10;"/>
    <property name="java.vm.specification.vendor" value="Oracle Corporation"/>
    <property name="java.specification.name" value="Java Platform API Specification"/>
    <property name="surefire.real.class.path" value="C:\Users\luket\AppData\Local\Temp\surefire16370813410056229645\surefirebooter-20250309195319718_3.jar"/>
    <property name="user.script" value=""/>
    <property name="sun.management.compiler" value="HotSpot 64-Bit Tiered Compilers"/>
    <property name="java.runtime.version" value="19.0.1+10-21"/>
    <property name="user.name" value="luket"/>
    <property name="stdout.encoding" value="Cp1252"/>
    <property name="path.separator" value=";"/>
    <property name="os.version" value="10.0"/>
    <property name="java.runtime.name" value="Java(TM) SE Runtime Environment"/>
    <property name="file.encoding" value="UTF-8"/>
    <property name="java.vm.name" value="Java HotSpot(TM) 64-Bit Server VM"/>
    <property name="maven.ext.class.path" value="C:\Users\luket\.vscode\extensions\oracle.oracle-java-23.1.0\nbcode\java\maven-nblib\netbeans-eventspy.jar"/>
    <property name="localRepository" value="C:\Users\luket\.m2\repository"/>
    <property name="java.vendor.url.bug" value="https://bugreport.java.com/bugreport/"/>
    <property name="java.io.tmpdir" value="C:\Users\luket\AppData\Local\Temp\"/>
    <property name="java.version" value="19.0.1"/>
    <property name="user.dir" value="C:\Users\luket\Desktop\inf2sepp-2025\inf2sepp-2024-cw3-08-04-2024 (1)\inf2sepp-2024-cw"/>
    <property name="os.arch" value="amd64"/>
    <property name="java.vm.specification.name" value="Java Virtual Machine Specification"/>
    <property name="sun.os.patch.level" value=""/>
    <property name="native.encoding" value="Cp1252"/>
    <property name="java.library.path" value="C:\Program Files\Java\jdk-19\bin;C:\WINDOWS\Sun\Java\bin;C:\WINDOWS\system32;C:\WINDOWS;C:\WINDOWS\system32;C:\Program Files\Common Files\Oracle\Java\javapath;C:\Program Files (x86)\Common Files\Oracle\Java\java8path;C:\Program Files (x86)\Common Files\Oracle\Java\javapath;C:\Program Files (x86)\VMware\VMware Player\bin\;C:\WINDOWS\System32\Wbem;C:\WINDOWS;C:\WINDOWS\System32\WindowsPowerShell\v1.0\;C:\WINDOWS\System32\OpenSSH\;C:\Program Files\Microsoft SQL Server\Client SDK\ODBC\170\Tools\Binn\;C:\Program Files (x86)\Microsoft SQL Server\150\Tools\Binn\;C:\Program Files\Microsoft SQL Server\150\Tools\Binn\;C:\Program Files\Microsoft SQL Server\150\DTS\Binn\;C:\Users\luket\AppData\Local\Programs\Python\Python311;C:\Program Files\CMake\bin;C:\Program Files\Git\cmd;C:\Program Files\Docker\Docker\resources\bin;c:\Users\luket\AppData\Local\Programs\cursor\resources\app\bin;C:\Users\luket\Downloads\apache-maven-3.9.9-bin\bin;C:\Program Files\Java\jdk-19\bin;C:\Users\luket\Downloads\apache-maven-3.9.9-bin\apache-maven-3.9.9\bin;C:\ProgramData\chocolatey\bin;C:\Users\luket\anaconda3\envs\ct\Scripts;C:\Users\luket\anaconda3\envs\ct2\Scripts;C:\Program Files\nodejs\;C:\Program Files\nodejs;C:\Users\luket\AppData\Roaming\npm;C:\Users\luket\AppData\Local\Programs\Eclipse Adoptium\jdk-17.0.13.11-hotspot\bin;C:\Users\luket\AppData\Local\Programs\Python\Launcher\;C:\Users\luket\AppData\Local\Microsoft\WindowsApps;C:\ghcup\bin;C:\Users\luket\AppData\Local\Programs\Microsoft VS Code\bin;C:\MinGW\bin;C:\Users\luket\AppData\Local\gitkraken\bin;C:\Users\luket\AppData\Local\GitHubDesktop\bin;C:\Users\luket\AppData\Local\Microsoft\WindowsApps;C:\Users\luket\AppData\Roaming\npm;C:\Users\luket\AppData\Local\Microsoft\WinGet\Packages\Schniz.fnm_Microsoft.Winget.Source_8wekyb3d8bbwe;;."/>
    <property name="java.vm.info" value="mixed mode, sharing"/>
    <property name="stderr.encoding" value="Cp1252"/>
    <property name="java.vendor" value="Oracle Corporation"/>
    <property name="java.vm.version" value="19.0.1+10-21"/>
    <property name="sun.io.unicode.encoding" value="UnicodeLittle"/>
    <property name="java.class.version" value="63.0"/>
  </properties>
  <testcase name="loginThenLogout" classname="system_tests.LogoutSystemTests" time="0.068">
    <system-out><![CDATA[Enter your username: Enter your password: &amp#27;[32mLogged in as admin1&amp#27;[0m
]]></system-out>
  </testcase>
  <testcase name="logoutAsGuest" classname="system_tests.LogoutSystemTests" time="0.01"/>
</testsuite>